{
  "0 debug pnpm:scope": {
    "selected": 1
  },
  "1 error pnpm": {
    "errno": 1,
    "code": "ELIFECYCLE",
    "pkgid": "mathalea@2.6.3",
    "stage": "start",
    "script": "webpack serve",
    "pkgname": "mathalea",
    "err": {
      "name": "Error",
      "message": "mathalea@2.6.3 start: `webpack serve`\nExit status 1",
      "code": "ELIFECYCLE",
      "stack": "Error: mathalea@2.6.3 start: `webpack serve`\nExit status 1\n    at EventEmitter.<anonymous> (C:\\Users\\Msi\\AppData\\Roaming\\npm\\node_modules\\pnpm\\dist\\pnpm.cjs:106006:20)\n    at EventEmitter.emit (node:events:394:28)\n    at ChildProcess.<anonymous> (C:\\Users\\Msi\\AppData\\Roaming\\npm\\node_modules\\pnpm\\dist\\pnpm.cjs:94312:18)\n    at ChildProcess.emit (node:events:394:28)\n    at maybeClose (node:internal/child_process:1064:16)\n    at Process.ChildProcess._handle.onexit (node:internal/child_process:301:5)"
    }
  },
  "2 warn pnpm:global": " Local package.json exists, but node_modules missing, did you mean to install?"
}