
C:\Users\jeanc\Documents\mathalea\src\js\exercices\1e\1E11-2.js

C:\Users\jeanc\Documents\mathalea\src\js\exercices\1e\1E11-5.js

C:\Users\jeanc\Documents\mathalea\src\js\exercices\1e\1E14.js

C:\Users\jeanc\Documents\mathalea\src\js\exercices\1e\1F10.js

C:\Users\jeanc\Documents\mathalea\src\js\exercices\2e\2G12-2.js

C:\Users\jeanc\Documents\mathalea\src\js\exercices\2e\2N20-8.js

C:\Users\jeanc\Documents\mathalea\src\js\exercices\2e\2N32-1.js

C:\Users\jeanc\Documents\mathalea\src\js\exercices\3e\3A11-3.js

C:\Users\jeanc\Documents\mathalea\src\js\exercices\3e\3F1-act.js

C:\Users\jeanc\Documents\mathalea\src\js\exercices\3e\3F12.js

C:\Users\jeanc\Documents\mathalea\src\js\exercices\3e\3F13.js

C:\Users\jeanc\Documents\mathalea\src\js\exercices\3e\3F21-3.js

C:\Users\jeanc\Documents\mathalea\src\js\exercices\3e\3F21.js

C:\Users\jeanc\Documents\mathalea\src\js\exercices\3e\3G10-3.js

C:\Users\jeanc\Documents\mathalea\src\js\exercices\3e\3G11.js

C:\Users\jeanc\Documents\mathalea\src\js\exercices\3e\3G12.js

C:\Users\jeanc\Documents\mathalea\src\js\exercices\3e\3G30-1.js

C:\Users\jeanc\Documents\mathalea\src\js\exercices\3e\3G32-2.js

C:\Users\jeanc\Documents\mathalea\src\js\exercices\3e\3G32-3.js

C:\Users\jeanc\Documents\mathalea\src\js\exercices\3e\3G32-4.js

C:\Users\jeanc\Documents\mathalea\src\js\exercices\3e\3G32-5.js

C:\Users\jeanc\Documents\mathalea\src\js\exercices\3e\3G32.js

C:\Users\jeanc\Documents\mathalea\src\js\exercices\3e\3G40.js

C:\Users\jeanc\Documents\mathalea\src\js\exercices\3e\3G42.js

C:\Users\jeanc\Documents\mathalea\src\js\exercices\3e\3L13-2.js

C:\Users\jeanc\Documents\mathalea\src\js\exercices\3e\3L14-1.js

C:\Users\jeanc\Documents\mathalea\src\js\exercices\3e\3L14.js

C:\Users\jeanc\Documents\mathalea\src\js\exercices\3e\3L15.js

C:\Users\jeanc\Documents\mathalea\src\js\exercices\3e\3P10.js

C:\Users\jeanc\Documents\mathalea\src\js\exercices\3e\3S15.js

✖ 1878 problems (1864 errors, 14 warnings)

