[2021-04-22 09:28:49.271] exercice.html?ex=1E10
[2021-04-22 09:28:49.516] https://www.googletagmanager.com/gtag/js?id=UA-5318292-3
[2021-04-22 09:28:49.516] https://code.jquery.com/jquery-3.5.1.min.js
[2021-04-22 09:28:49.543] https://cdnjs.cloudflare.com/ajax/libs/semantic-ui/2.4.1/semantic.min.css
[2021-04-22 09:28:49.543] https://cdnjs.cloudflare.com/ajax/libs/semantic-ui/2.4.1/semantic.min.js
[2021-04-22 09:28:49.543] https://cdnjs.cloudflare.com/ajax/libs/semantic-ui/2.3.0/components/state.min.js
[2021-04-22 09:28:49.543] mathalea.7e83402a4443d33b28ba.js
[2021-04-22 09:28:49.543] mathalea.be2b54c25f0b3880ca48.css
[2021-04-22 09:28:49.543] images/logo2.png
[2021-04-22 09:28:49.612] https://fonts.googleapis.com/css?family=Lato:400,700,400italic,700italic&subset=latin
[2021-04-22 09:28:49.761] https://fonts.gstatic.com/s/lato/v17/S6uyw4BMUTPHjx4wXiWtFCc.woff2
[2021-04-22 09:28:49.794] https://fonts.gstatic.com/s/lato/v17/S6u8w4BMUTPHjxsAXC-qNiXg7Q.woff2
[2021-04-22 09:28:49.794] https://cdnjs.cloudflare.com/ajax/libs/semantic-ui/2.4.1/themes/default/assets/fonts/icons.woff2
[2021-04-22 09:28:49.794] https://fonts.gstatic.com/s/lato/v17/S6u9w4BMUTPHh6UVSwiPGQ3q5d0.woff2
[2021-04-22 09:28:49.794] https://cdnjs.cloudflare.com/ajax/libs/semantic-ui/2.4.1/themes/default/assets/fonts/brand-icons.woff2
[2021-04-22 09:28:49.829] https://www.google-analytics.com/analytics.js
[2021-04-22 09:28:50.248] exercices_1e_1E10_js.df1af0ec316254803dbf.js
[2021-04-22 09:28:50.330] https://www.google-analytics.com/j/collect?v=1&_v=j90&a=664146489&t=pageview&_s=1&dl=http%3A%2F%2Flocalhost%2Fexercice.html%3Fex%3D1E10&ul=fr-fr&de=UTF-8&dt=MathAL%C3%89A&sd=30-bit&sr=1280x720&vp=1280x720&je=0&_u=IEBAAUABAAAAAC~&jid=2054065878&gjid=896139729&cid=26053175.1619076530&tid=UA-5318292-3&_gid=985694532.1619076530&_r=1&gtm=2ou472&z=768196655
[2021-04-22 09:28:50.852] 6f4b7338e13e49146521.woff2
[2021-04-22 09:28:50.852] 1de15e70fec550ef4554.woff2
[2021-04-22 09:28:50.852] f9f7662953c4ef2ee65e.woff2
[2021-04-22 09:28:50.967] exercice.html?ex=1E11
[2021-04-22 09:28:50.978] https://www.googletagmanager.com/gtag/js?id=UA-5318292-3
[2021-04-22 09:28:50.979] https://code.jquery.com/jquery-3.5.1.min.js
[2021-04-22 09:28:50.979] https://cdnjs.cloudflare.com/ajax/libs/semantic-ui/2.4.1/semantic.min.css
[2021-04-22 09:28:50.979] https://cdnjs.cloudflare.com/ajax/libs/semantic-ui/2.4.1/semantic.min.js
[2021-04-22 09:28:50.979] https://cdnjs.cloudflare.com/ajax/libs/semantic-ui/2.3.0/components/state.min.js
[2021-04-22 09:28:50.979] mathalea.f16ed929b2f899832ab9.js
[2021-04-22 09:28:50.980] mathalea.be2b54c25f0b3880ca48.css
[2021-04-22 09:28:50.980] images/logo2.png
[2021-04-22 09:28:50.995] https://fonts.googleapis.com/css?family=Lato:400,700,400italic,700italic&subset=latin
[2021-04-22 09:28:51.008] https://fonts.gstatic.com/s/lato/v17/S6u8w4BMUTPHjxsAXC-qNiXg7Q.woff2
[2021-04-22 09:28:51.008] https://fonts.gstatic.com/s/lato/v17/S6uyw4BMUTPHjx4wXiWtFCc.woff2
[2021-04-22 09:28:51.009] https://fonts.gstatic.com/s/lato/v17/S6u9w4BMUTPHh6UVSwiPGQ3q5d0.woff2
[2021-04-22 09:28:51.009] https://cdnjs.cloudflare.com/ajax/libs/semantic-ui/2.4.1/themes/default/assets/fonts/icons.woff2
[2021-04-22 09:28:51.009] https://cdnjs.cloudflare.com/ajax/libs/semantic-ui/2.4.1/themes/default/assets/fonts/brand-icons.woff2
[2021-04-22 09:28:51.013] https://www.google-analytics.com/analytics.js
[2021-04-22 09:28:51.021] https://www.google-analytics.com/collect?v=1&_v=j90&a=1695250091&t=pageview&_s=1&dl=http%3A%2F%2Flocalhost%2Fexercice.html%3Fex%3D1E11&ul=fr-fr&de=UTF-8&dt=MathAL%C3%89A&sd=30-bit&sr=1280x720&vp=1280x720&je=0&_u=AACAAUAB~&jid=&gjid=&cid=26053175.1619076530&tid=UA-5318292-3&_gid=985694532.1619076530&gtm=2ou472&z=1977661579
[2021-04-22 09:28:51.307] exercices_1e_1E11_js.9f00b8e72e2db70e3398.js
[2021-04-22 09:28:51.330] 6f4b7338e13e49146521.woff2
[2021-04-22 09:28:51.330] 1de15e70fec550ef4554.woff2
[2021-04-22 09:28:51.331] f9f7662953c4ef2ee65e.woff2
[2021-04-22 09:28:51.439] exercice.html?ex=1E12
[2021-04-22 09:28:51.452] https://www.googletagmanager.com/gtag/js?id=UA-5318292-3
[2021-04-22 09:28:51.452] https://code.jquery.com/jquery-3.5.1.min.js
[2021-04-22 09:28:51.452] https://cdnjs.cloudflare.com/ajax/libs/semantic-ui/2.4.1/semantic.min.css
[2021-04-22 09:28:51.452] https://cdnjs.cloudflare.com/ajax/libs/semantic-ui/2.4.1/semantic.min.js
[2021-04-22 09:28:51.453] https://cdnjs.cloudflare.com/ajax/libs/semantic-ui/2.3.0/components/state.min.js
[2021-04-22 09:28:51.453] mathalea.f16ed929b2f899832ab9.js
[2021-04-22 09:28:51.453] mathalea.be2b54c25f0b3880ca48.css
[2021-04-22 09:28:51.453] images/logo2.png
[2021-04-22 09:28:51.468] https://fonts.googleapis.com/css?family=Lato:400,700,400italic,700italic&subset=latin
[2021-04-22 09:28:51.481] https://fonts.gstatic.com/s/lato/v17/S6u8w4BMUTPHjxsAXC-qNiXg7Q.woff2
[2021-04-22 09:28:51.481] https://fonts.gstatic.com/s/lato/v17/S6uyw4BMUTPHjx4wXiWtFCc.woff2
[2021-04-22 09:28:51.482] https://fonts.gstatic.com/s/lato/v17/S6u9w4BMUTPHh6UVSwiPGQ3q5d0.woff2
[2021-04-22 09:28:51.482] https://cdnjs.cloudflare.com/ajax/libs/semantic-ui/2.4.1/themes/default/assets/fonts/icons.woff2
[2021-04-22 09:28:51.482] https://cdnjs.cloudflare.com/ajax/libs/semantic-ui/2.4.1/themes/default/assets/fonts/brand-icons.woff2
[2021-04-22 09:28:51.616] exercices_1e_1E12_js.3f66b6a5cc0805856a66.js
[2021-04-22 09:28:51.617] https://www.google-analytics.com/analytics.js
[2021-04-22 09:28:51.924] 6f4b7338e13e49146521.woff2
[2021-04-22 09:28:51.925] f9f7662953c4ef2ee65e.woff2
[2021-04-22 09:28:51.934] https://www.google-analytics.com/collect?v=1&_v=j90&a=1686948137&t=pageview&_s=1&dl=http%3A%2F%2Flocalhost%2Fexercice.html%3Fex%3D1E12%2Csup%3D4%2Cnb_questions%3D5%26serie%3DT1h2&ul=fr-fr&de=UTF-8&dt=MathAL%C3%89A&sd=30-bit&sr=1280x720&vp=1280x720&je=0&_u=AACAAUAB~&jid=&gjid=&cid=26053175.1619076530&tid=UA-5318292-3&_gid=985694532.1619076530&gtm=2ou472&z=1335737434
[2021-04-22 09:28:52.067] exercice.html?ex=1F10
[2021-04-22 09:28:52.077] https://www.googletagmanager.com/gtag/js?id=UA-5318292-3
[2021-04-22 09:28:52.077] https://code.jquery.com/jquery-3.5.1.min.js
[2021-04-22 09:28:52.077] https://cdnjs.cloudflare.com/ajax/libs/semantic-ui/2.4.1/semantic.min.css
[2021-04-22 09:28:52.077] https://cdnjs.cloudflare.com/ajax/libs/semantic-ui/2.4.1/semantic.min.js
[2021-04-22 09:28:52.077] https://cdnjs.cloudflare.com/ajax/libs/semantic-ui/2.3.0/components/state.min.js
[2021-04-22 09:28:52.078] mathalea.f16ed929b2f899832ab9.js
[2021-04-22 09:28:52.078] mathalea.be2b54c25f0b3880ca48.css
[2021-04-22 09:28:52.078] images/logo2.png
[2021-04-22 09:28:52.091] https://fonts.googleapis.com/css?family=Lato:400,700,400italic,700italic&subset=latin
[2021-04-22 09:28:52.103] https://fonts.gstatic.com/s/lato/v17/S6u8w4BMUTPHjxsAXC-qNiXg7Q.woff2
[2021-04-22 09:28:52.103] https://fonts.gstatic.com/s/lato/v17/S6uyw4BMUTPHjx4wXiWtFCc.woff2
[2021-04-22 09:28:52.103] https://fonts.gstatic.com/s/lato/v17/S6u9w4BMUTPHh6UVSwiPGQ3q5d0.woff2
[2021-04-22 09:28:52.103] https://cdnjs.cloudflare.com/ajax/libs/semantic-ui/2.4.1/themes/default/assets/fonts/icons.woff2
[2021-04-22 09:28:52.103] https://cdnjs.cloudflare.com/ajax/libs/semantic-ui/2.4.1/themes/default/assets/fonts/brand-icons.woff2
[2021-04-22 09:28:52.227] exercices_1e_1F10_js.c17626282d9cd2fb6261.js
[2021-04-22 09:28:52.229] https://www.google-analytics.com/analytics.js
[2021-04-22 09:28:52.236] https://www.google-analytics.com/collect?v=1&_v=j90&a=1559876028&t=pageview&_s=1&dl=http%3A%2F%2Flocalhost%2Fexercice.html%3Fex%3D1F10&ul=fr-fr&de=UTF-8&dt=MathAL%C3%89A&sd=30-bit&sr=1280x720&vp=1280x720&je=0&_u=AACAAUAB~&jid=&gjid=&cid=26053175.1619076530&tid=UA-5318292-3&_gid=985694532.1619076530&gtm=2ou472&z=1624981976
[2021-04-22 09:28:52.306] 6f4b7338e13e49146521.woff2
[2021-04-22 09:28:52.307] f9f7662953c4ef2ee65e.woff2
[2021-04-22 09:28:52.415] exercice.html?ex=1N10
[2021-04-22 09:28:52.427] https://www.googletagmanager.com/gtag/js?id=UA-5318292-3
[2021-04-22 09:28:52.428] https://code.jquery.com/jquery-3.5.1.min.js
[2021-04-22 09:28:52.428] https://cdnjs.cloudflare.com/ajax/libs/semantic-ui/2.4.1/semantic.min.css
[2021-04-22 09:28:52.428] https://cdnjs.cloudflare.com/ajax/libs/semantic-ui/2.4.1/semantic.min.js
[2021-04-22 09:28:52.428] https://cdnjs.cloudflare.com/ajax/libs/semantic-ui/2.3.0/components/state.min.js
[2021-04-22 09:28:52.428] mathalea.f16ed929b2f899832ab9.js
[2021-04-22 09:28:52.428] mathalea.be2b54c25f0b3880ca48.css
[2021-04-22 09:28:52.428] images/logo2.png
[2021-04-22 09:28:52.444] https://fonts.googleapis.com/css?family=Lato:400,700,400italic,700italic&subset=latin
[2021-04-22 09:28:52.455] https://fonts.gstatic.com/s/lato/v17/S6u8w4BMUTPHjxsAXC-qNiXg7Q.woff2
[2021-04-22 09:28:52.456] https://fonts.gstatic.com/s/lato/v17/S6uyw4BMUTPHjx4wXiWtFCc.woff2
[2021-04-22 09:28:52.456] https://fonts.gstatic.com/s/lato/v17/S6u9w4BMUTPHh6UVSwiPGQ3q5d0.woff2
[2021-04-22 09:28:52.456] https://cdnjs.cloudflare.com/ajax/libs/semantic-ui/2.4.1/themes/default/assets/fonts/icons.woff2
[2021-04-22 09:28:52.456] https://cdnjs.cloudflare.com/ajax/libs/semantic-ui/2.4.1/themes/default/assets/fonts/brand-icons.woff2
[2021-04-22 09:28:52.576] exercices_1e_1N10_js.37b0e690f3c1a0e30316.js
[2021-04-22 09:28:52.578] https://www.google-analytics.com/analytics.js
[2021-04-22 09:28:52.598] 6f4b7338e13e49146521.woff2
[2021-04-22 09:28:52.598] f9f7662953c4ef2ee65e.woff2
[2021-04-22 09:28:52.599] 1de15e70fec550ef4554.woff2
[2021-04-22 09:28:52.603] https://www.google-analytics.com/collect?v=1&_v=j90&a=1054440389&t=pageview&_s=1&dl=http%3A%2F%2Flocalhost%2Fexercice.html%3Fex%3D1N10%2Cnb_questions%3D4%26serie%3DLjUd&ul=fr-fr&de=UTF-8&dt=MathAL%C3%89A&sd=30-bit&sr=1280x720&vp=1280x720&je=0&_u=AACAAUAB~&jid=&gjid=&cid=26053175.1619076530&tid=UA-5318292-3&_gid=985694532.1619076530&gtm=2ou472&z=806245331
[2021-04-22 09:28:52.737] exercice.html?ex=1N11
[2021-04-22 09:28:52.750] https://www.googletagmanager.com/gtag/js?id=UA-5318292-3
[2021-04-22 09:28:52.750] https://code.jquery.com/jquery-3.5.1.min.js
[2021-04-22 09:28:52.751] https://cdnjs.cloudflare.com/ajax/libs/semantic-ui/2.4.1/semantic.min.css
[2021-04-22 09:28:52.751] https://cdnjs.cloudflare.com/ajax/libs/semantic-ui/2.4.1/semantic.min.js
[2021-04-22 09:28:52.751] https://cdnjs.cloudflare.com/ajax/libs/semantic-ui/2.3.0/components/state.min.js
[2021-04-22 09:28:52.751] mathalea.f16ed929b2f899832ab9.js
[2021-04-22 09:28:52.751] mathalea.be2b54c25f0b3880ca48.css
[2021-04-22 09:28:52.751] images/logo2.png
[2021-04-22 09:28:52.767] https://fonts.googleapis.com/css?family=Lato:400,700,400italic,700italic&subset=latin
[2021-04-22 09:28:52.779] https://fonts.gstatic.com/s/lato/v17/S6u8w4BMUTPHjxsAXC-qNiXg7Q.woff2
[2021-04-22 09:28:52.779] https://fonts.gstatic.com/s/lato/v17/S6uyw4BMUTPHjx4wXiWtFCc.woff2
[2021-04-22 09:28:52.780] https://fonts.gstatic.com/s/lato/v17/S6u9w4BMUTPHh6UVSwiPGQ3q5d0.woff2
[2021-04-22 09:28:52.780] https://cdnjs.cloudflare.com/ajax/libs/semantic-ui/2.4.1/themes/default/assets/fonts/icons.woff2
[2021-04-22 09:28:52.780] https://cdnjs.cloudflare.com/ajax/libs/semantic-ui/2.4.1/themes/default/assets/fonts/brand-icons.woff2
[2021-04-22 09:28:52.905] exercices_1e_1N11_js.62f5716dc98e80166057.js
[2021-04-22 09:28:52.906] https://www.google-analytics.com/analytics.js
[2021-04-22 09:28:52.913] https://www.google-analytics.com/collect?v=1&_v=j90&a=2110981863&t=pageview&_s=1&dl=http%3A%2F%2Flocalhost%2Fexercice.html%3Fex%3D1N11&ul=fr-fr&de=UTF-8&dt=MathAL%C3%89A&sd=30-bit&sr=1280x720&vp=1280x720&je=0&_u=AACAAUAB~&jid=&gjid=&cid=26053175.1619076530&tid=UA-5318292-3&_gid=985694532.1619076530&gtm=2ou472&z=319053260
[2021-04-22 09:28:52.942] 6f4b7338e13e49146521.woff2
[2021-04-22 09:28:52.942] f9f7662953c4ef2ee65e.woff2
[2021-04-22 09:28:52.942] 1de15e70fec550ef4554.woff2
[2021-04-22 09:28:53.051] exercice.html?ex=2G10
[2021-04-22 09:28:53.063] https://www.googletagmanager.com/gtag/js?id=UA-5318292-3
[2021-04-22 09:28:53.063] https://code.jquery.com/jquery-3.5.1.min.js
[2021-04-22 09:28:53.064] https://cdnjs.cloudflare.com/ajax/libs/semantic-ui/2.4.1/semantic.min.css
[2021-04-22 09:28:53.064] https://cdnjs.cloudflare.com/ajax/libs/semantic-ui/2.4.1/semantic.min.js
[2021-04-22 09:28:53.064] https://cdnjs.cloudflare.com/ajax/libs/semantic-ui/2.3.0/components/state.min.js
[2021-04-22 09:28:53.064] mathalea.f16ed929b2f899832ab9.js
[2021-04-22 09:28:53.064] mathalea.be2b54c25f0b3880ca48.css
[2021-04-22 09:28:53.064] images/logo2.png
[2021-04-22 09:28:53.079] https://fonts.googleapis.com/css?family=Lato:400,700,400italic,700italic&subset=latin
[2021-04-22 09:28:53.091] https://fonts.gstatic.com/s/lato/v17/S6u8w4BMUTPHjxsAXC-qNiXg7Q.woff2
[2021-04-22 09:28:53.091] https://fonts.gstatic.com/s/lato/v17/S6uyw4BMUTPHjx4wXiWtFCc.woff2
[2021-04-22 09:28:53.091] https://fonts.gstatic.com/s/lato/v17/S6u9w4BMUTPHh6UVSwiPGQ3q5d0.woff2
[2021-04-22 09:28:53.091] https://cdnjs.cloudflare.com/ajax/libs/semantic-ui/2.4.1/themes/default/assets/fonts/icons.woff2
[2021-04-22 09:28:53.091] https://cdnjs.cloudflare.com/ajax/libs/semantic-ui/2.4.1/themes/default/assets/fonts/brand-icons.woff2
[2021-04-22 09:28:53.212] exercices_2e_2G10_js.eb86d657b631806208d5.js
[2021-04-22 09:28:53.214] https://www.google-analytics.com/analytics.js
[2021-04-22 09:28:53.232] 6f4b7338e13e49146521.woff2
[2021-04-22 09:28:53.237] f9f7662953c4ef2ee65e.woff2
[2021-04-22 09:28:53.241] https://www.google-analytics.com/collect?v=1&_v=j90&a=1013177634&t=pageview&_s=1&dl=http%3A%2F%2Flocalhost%2Fexercice.html%3Fex%3D2G10%2Csup%3D1%2Cnb_questions%3D2%26serie%3D75KP&ul=fr-fr&de=UTF-8&dt=MathAL%C3%89A&sd=30-bit&sr=1280x720&vp=1280x720&je=0&_u=AACAAUAB~&jid=&gjid=&cid=26053175.1619076530&tid=UA-5318292-3&_gid=985694532.1619076530&gtm=2ou472&z=1706039872
[2021-04-22 09:28:53.373] exercice.html?ex=2G11
[2021-04-22 09:28:53.400] https://www.googletagmanager.com/gtag/js?id=UA-5318292-3
[2021-04-22 09:28:53.409] https://code.jquery.com/jquery-3.5.1.min.js
[2021-04-22 09:28:53.410] https://cdnjs.cloudflare.com/ajax/libs/semantic-ui/2.4.1/semantic.min.css
[2021-04-22 09:28:53.410] https://cdnjs.cloudflare.com/ajax/libs/semantic-ui/2.4.1/semantic.min.js
[2021-04-22 09:28:53.411] https://cdnjs.cloudflare.com/ajax/libs/semantic-ui/2.3.0/components/state.min.js
[2021-04-22 09:28:53.429] mathalea.f16ed929b2f899832ab9.js
[2021-04-22 09:28:53.430] mathalea.be2b54c25f0b3880ca48.css
[2021-04-22 09:28:53.430] images/logo2.png
[2021-04-22 09:28:53.434] https://fonts.googleapis.com/css?family=Lato:400,700,400italic,700italic&subset=latin
[2021-04-22 09:28:53.448] https://fonts.gstatic.com/s/lato/v17/S6u8w4BMUTPHjxsAXC-qNiXg7Q.woff2
[2021-04-22 09:28:53.449] https://fonts.gstatic.com/s/lato/v17/S6uyw4BMUTPHjx4wXiWtFCc.woff2
[2021-04-22 09:28:53.449] https://fonts.gstatic.com/s/lato/v17/S6u9w4BMUTPHh6UVSwiPGQ3q5d0.woff2
[2021-04-22 09:28:53.449] https://cdnjs.cloudflare.com/ajax/libs/semantic-ui/2.4.1/themes/default/assets/fonts/icons.woff2
[2021-04-22 09:28:53.499] https://cdnjs.cloudflare.com/ajax/libs/semantic-ui/2.4.1/themes/default/assets/fonts/brand-icons.woff2
[2021-04-22 09:28:53.500] https://www.google-analytics.com/analytics.js
[2021-04-22 09:28:53.519] https://www.google-analytics.com/collect?v=1&_v=j90&a=295661624&t=pageview&_s=1&dl=http%3A%2F%2Flocalhost%2Fexercice.html%3Fex%3D2G11&ul=fr-fr&de=UTF-8&dt=MathAL%C3%89A&sd=30-bit&sr=1280x720&vp=1280x720&je=0&_u=AACAAUAB~&jid=&gjid=&cid=26053175.1619076530&tid=UA-5318292-3&_gid=985694532.1619076530&gtm=2ou472&z=274227748
[2021-04-22 09:28:53.560] exercices_2e_2G11_js.5961c025b72a63be155a.js
[2021-04-22 09:28:53.683] 6f4b7338e13e49146521.woff2
[2021-04-22 09:28:53.701] f9f7662953c4ef2ee65e.woff2
[2021-04-22 09:28:53.808] exercice.html?ex=2G12
[2021-04-22 09:28:53.820] https://www.googletagmanager.com/gtag/js?id=UA-5318292-3
[2021-04-22 09:28:53.820] https://code.jquery.com/jquery-3.5.1.min.js
[2021-04-22 09:28:53.821] https://cdnjs.cloudflare.com/ajax/libs/semantic-ui/2.4.1/semantic.min.css
[2021-04-22 09:28:53.821] https://cdnjs.cloudflare.com/ajax/libs/semantic-ui/2.4.1/semantic.min.js
[2021-04-22 09:28:53.821] https://cdnjs.cloudflare.com/ajax/libs/semantic-ui/2.3.0/components/state.min.js
[2021-04-22 09:28:53.821] mathalea.f16ed929b2f899832ab9.js
[2021-04-22 09:28:53.821] mathalea.be2b54c25f0b3880ca48.css
[2021-04-22 09:28:53.821] images/logo2.png
[2021-04-22 09:28:53.837] https://fonts.googleapis.com/css?family=Lato:400,700,400italic,700italic&subset=latin
[2021-04-22 09:28:53.849] https://fonts.gstatic.com/s/lato/v17/S6u8w4BMUTPHjxsAXC-qNiXg7Q.woff2
[2021-04-22 09:28:53.852] https://fonts.gstatic.com/s/lato/v17/S6uyw4BMUTPHjx4wXiWtFCc.woff2
[2021-04-22 09:28:53.852] https://fonts.gstatic.com/s/lato/v17/S6u9w4BMUTPHh6UVSwiPGQ3q5d0.woff2
[2021-04-22 09:28:53.852] https://cdnjs.cloudflare.com/ajax/libs/semantic-ui/2.4.1/themes/default/assets/fonts/icons.woff2
[2021-04-22 09:28:53.852] https://cdnjs.cloudflare.com/ajax/libs/semantic-ui/2.4.1/themes/default/assets/fonts/brand-icons.woff2
[2021-04-22 09:28:53.975] exercices_2e_2G12_js.068765d7ba0a7f54434b.js
[2021-04-22 09:28:53.977] https://www.google-analytics.com/analytics.js
[2021-04-22 09:28:54.038] 6f4b7338e13e49146521.woff2
[2021-04-22 09:28:54.038] f9f7662953c4ef2ee65e.woff2
[2021-04-22 09:28:54.042] https://www.google-analytics.com/collect?v=1&_v=j90&a=793867469&t=pageview&_s=1&dl=http%3A%2F%2Flocalhost%2Fexercice.html%3Fex%3D2G12%2Cnb_questions%3D2%26serie%3DdSqA&ul=fr-fr&de=UTF-8&dt=MathAL%C3%89A&sd=30-bit&sr=1280x720&vp=1280x720&je=0&_u=AACAAUAB~&jid=&gjid=&cid=26053175.1619076530&tid=UA-5318292-3&_gid=985694532.1619076530&gtm=2ou472&z=1653895210
[2021-04-22 09:28:54.178] exercice.html?ex=2L10
[2021-04-22 09:28:54.201] https://www.googletagmanager.com/gtag/js?id=UA-5318292-3
[2021-04-22 09:28:54.201] https://code.jquery.com/jquery-3.5.1.min.js
[2021-04-22 09:28:54.201] https://cdnjs.cloudflare.com/ajax/libs/semantic-ui/2.4.1/semantic.min.css
[2021-04-22 09:28:54.202] https://cdnjs.cloudflare.com/ajax/libs/semantic-ui/2.4.1/semantic.min.js
[2021-04-22 09:28:54.202] https://cdnjs.cloudflare.com/ajax/libs/semantic-ui/2.3.0/components/state.min.js
[2021-04-22 09:28:54.202] mathalea.f16ed929b2f899832ab9.js
[2021-04-22 09:28:54.202] mathalea.be2b54c25f0b3880ca48.css
[2021-04-22 09:28:54.202] images/logo2.png
[2021-04-22 09:28:54.220] https://fonts.googleapis.com/css?family=Lato:400,700,400italic,700italic&subset=latin
[2021-04-22 09:28:54.233] https://fonts.gstatic.com/s/lato/v17/S6u8w4BMUTPHjxsAXC-qNiXg7Q.woff2
[2021-04-22 09:28:54.233] https://fonts.gstatic.com/s/lato/v17/S6uyw4BMUTPHjx4wXiWtFCc.woff2
[2021-04-22 09:28:54.233] https://fonts.gstatic.com/s/lato/v17/S6u9w4BMUTPHh6UVSwiPGQ3q5d0.woff2
[2021-04-22 09:28:54.233] https://cdnjs.cloudflare.com/ajax/libs/semantic-ui/2.4.1/themes/default/assets/fonts/icons.woff2
[2021-04-22 09:28:54.233] https://cdnjs.cloudflare.com/ajax/libs/semantic-ui/2.4.1/themes/default/assets/fonts/brand-icons.woff2
[2021-04-22 09:28:54.355] exercices_2e_2L10_js.ff8871849bcfa764c380.js
[2021-04-22 09:28:54.357] https://www.google-analytics.com/analytics.js
[2021-04-22 09:28:54.372] 6f4b7338e13e49146521.woff2
[2021-04-22 09:28:54.372] f9f7662953c4ef2ee65e.woff2
[2021-04-22 09:28:54.372] https://www.google-analytics.com/collect?v=1&_v=j90&a=43015733&t=pageview&_s=1&dl=http%3A%2F%2Flocalhost%2Fexercice.html%3Fex%3D2L10%2Csup%3D1%2Cnb_questions%3D5%26serie%3D47PK&ul=fr-fr&de=UTF-8&dt=MathAL%C3%89A&sd=30-bit&sr=1280x720&vp=1280x720&je=0&_u=AACAAUAB~&jid=&gjid=&cid=26053175.1619076530&tid=UA-5318292-3&_gid=985694532.1619076530&gtm=2ou472&z=1710876701
